INFO [2020-03-15 06:56:48] [[1]]
INFO [2020-03-15 06:56:48] bins
INFO [2020-03-15 06:56:48] 
INFO [2020-03-15 06:56:48] $alpha
INFO [2020-03-15 06:56:48] [1] 0.33
INFO [2020-03-15 06:56:48] 
INFO [2020-03-15 06:56:48] $filename
INFO [2020-03-15 06:56:48] NULL
INFO [2020-03-15 06:56:48] 
INFO [2020-03-15 06:56:48] $fill
INFO [2020-03-15 06:56:48] c(colors[1:length(cell.types)])
INFO [2020-03-15 06:56:48] 
INFO [2020-03-15 06:56:48] $main.fontfamily
INFO [2020-03-15 06:56:48] [1] "sans"
INFO [2020-03-15 06:56:48] 
INFO [2020-03-15 06:56:48] $cat.fontfamily
INFO [2020-03-15 06:56:48] [1] "sans"
INFO [2020-03-15 06:56:48] 
INFO [2020-03-15 06:56:48] $fontfamily
INFO [2020-03-15 06:56:48] [1] "sans"
INFO [2020-03-15 06:56:48] 
