INFO [2020-03-13 09:38:59] [[1]]
INFO [2020-03-13 09:38:59] interacting.gene.ids.by.cell.type
INFO [2020-03-13 09:38:59] 
INFO [2020-03-13 09:38:59] $alpha
INFO [2020-03-13 09:38:59] [1] 0.33
INFO [2020-03-13 09:38:59] 
INFO [2020-03-13 09:38:59] $filename
INFO [2020-03-13 09:38:59] NULL
INFO [2020-03-13 09:38:59] 
INFO [2020-03-13 09:38:59] $fill
INFO [2020-03-13 09:38:59] c(colors[1:length(cell.types)])
INFO [2020-03-13 09:38:59] 
INFO [2020-03-13 09:38:59] $main.fontfamily
INFO [2020-03-13 09:38:59] [1] "sans"
INFO [2020-03-13 09:38:59] 
INFO [2020-03-13 09:38:59] $cat.fontfamily
INFO [2020-03-13 09:38:59] [1] "sans"
INFO [2020-03-13 09:38:59] 
INFO [2020-03-13 09:38:59] $fontfamily
INFO [2020-03-13 09:38:59] [1] "sans"
INFO [2020-03-13 09:38:59] 
