                                 Started job on |	Jun 19 00:02:07
                             Started mapping on |	Jun 19 00:17:23
                                    Finished on |	Jun 19 00:21:38
       Mapping speed, Million of reads per hour |	250.42

                          Number of input reads |	17737772
                      Average input read length |	50
                                    UNIQUE READS:
                   Uniquely mapped reads number |	12735488
                        Uniquely mapped reads % |	71.80%
                          Average mapped length |	50.45
                       Number of splices: Total |	1669030
            Number of splices: Annotated (sjdb) |	1658238
                       Number of splices: GT/AG |	1649138
                       Number of splices: GC/AG |	16688
                       Number of splices: AT/AC |	2376
               Number of splices: Non-canonical |	828
                      Mismatch rate per base, % |	0.23%
                         Deletion rate per base |	0.01%
                        Deletion average length |	1.58
                        Insertion rate per base |	0.01%
                       Insertion average length |	1.27
                             MULTI-MAPPING READS:
        Number of reads mapped to multiple loci |	0
             % of reads mapped to multiple loci |	0.00%
        Number of reads mapped to too many loci |	4301820
             % of reads mapped to too many loci |	24.25%
                                  UNMAPPED READS:
  Number of reads unmapped: too many mismatches |	0
       % of reads unmapped: too many mismatches |	0.00%
            Number of reads unmapped: too short |	538953
                 % of reads unmapped: too short |	3.04%
                Number of reads unmapped: other |	161511
                     % of reads unmapped: other |	0.91%
                                  CHIMERIC READS:
                       Number of chimeric reads |	0
                            % of chimeric reads |	0.00%
