                                 Started job on |	Jun 19 00:02:07
                             Started mapping on |	Jun 19 00:23:41
                                    Finished on |	Jun 19 00:27:59
       Mapping speed, Million of reads per hour |	288.69

                          Number of input reads |	20689333
                      Average input read length |	50
                                    UNIQUE READS:
                   Uniquely mapped reads number |	14869337
                        Uniquely mapped reads % |	71.87%
                          Average mapped length |	50.47
                       Number of splices: Total |	1971129
            Number of splices: Annotated (sjdb) |	1958523
                       Number of splices: GT/AG |	1947718
                       Number of splices: GC/AG |	19678
                       Number of splices: AT/AC |	2766
               Number of splices: Non-canonical |	967
                      Mismatch rate per base, % |	0.23%
                         Deletion rate per base |	0.01%
                        Deletion average length |	1.56
                        Insertion rate per base |	0.01%
                       Insertion average length |	1.28
                             MULTI-MAPPING READS:
        Number of reads mapped to multiple loci |	0
             % of reads mapped to multiple loci |	0.00%
        Number of reads mapped to too many loci |	5016361
             % of reads mapped to too many loci |	24.25%
                                  UNMAPPED READS:
  Number of reads unmapped: too many mismatches |	0
       % of reads unmapped: too many mismatches |	0.00%
            Number of reads unmapped: too short |	602015
                 % of reads unmapped: too short |	2.91%
                Number of reads unmapped: other |	201620
                     % of reads unmapped: other |	0.97%
                                  CHIMERIC READS:
                       Number of chimeric reads |	0
                            % of chimeric reads |	0.00%
