                                 Started job on |	Jun 19 00:02:07
                             Started mapping on |	Jun 19 00:17:29
                                    Finished on |	Jun 19 00:29:35
       Mapping speed, Million of reads per hour |	198.98

                          Number of input reads |	40128602
                      Average input read length |	50
                                    UNIQUE READS:
                   Uniquely mapped reads number |	27840885
                        Uniquely mapped reads % |	69.38%
                          Average mapped length |	50.50
                       Number of splices: Total |	4060299
            Number of splices: Annotated (sjdb) |	4027862
                       Number of splices: GT/AG |	4004976
                       Number of splices: GC/AG |	47974
                       Number of splices: AT/AC |	5484
               Number of splices: Non-canonical |	1865
                      Mismatch rate per base, % |	0.21%
                         Deletion rate per base |	0.01%
                        Deletion average length |	2.15
                        Insertion rate per base |	0.01%
                       Insertion average length |	1.26
                             MULTI-MAPPING READS:
        Number of reads mapped to multiple loci |	0
             % of reads mapped to multiple loci |	0.00%
        Number of reads mapped to too many loci |	11056547
             % of reads mapped to too many loci |	27.55%
                                  UNMAPPED READS:
  Number of reads unmapped: too many mismatches |	0
       % of reads unmapped: too many mismatches |	0.00%
            Number of reads unmapped: too short |	944660
                 % of reads unmapped: too short |	2.35%
                Number of reads unmapped: other |	286510
                     % of reads unmapped: other |	0.71%
                                  CHIMERIC READS:
                       Number of chimeric reads |	0
                            % of chimeric reads |	0.00%
