                                 Started job on |	Jun 19 00:02:07
                             Started mapping on |	Jun 19 00:25:10
                                    Finished on |	Jun 19 00:28:45
       Mapping speed, Million of reads per hour |	347.76

                          Number of input reads |	20768929
                      Average input read length |	50
                                    UNIQUE READS:
                   Uniquely mapped reads number |	14788171
                        Uniquely mapped reads % |	71.20%
                          Average mapped length |	50.43
                       Number of splices: Total |	2042371
            Number of splices: Annotated (sjdb) |	2026040
                       Number of splices: GT/AG |	2016986
                       Number of splices: GC/AG |	21533
                       Number of splices: AT/AC |	2916
               Number of splices: Non-canonical |	936
                      Mismatch rate per base, % |	0.23%
                         Deletion rate per base |	0.01%
                        Deletion average length |	1.59
                        Insertion rate per base |	0.01%
                       Insertion average length |	1.27
                             MULTI-MAPPING READS:
        Number of reads mapped to multiple loci |	0
             % of reads mapped to multiple loci |	0.00%
        Number of reads mapped to too many loci |	5149805
             % of reads mapped to too many loci |	24.80%
                                  UNMAPPED READS:
  Number of reads unmapped: too many mismatches |	0
       % of reads unmapped: too many mismatches |	0.00%
            Number of reads unmapped: too short |	655722
                 % of reads unmapped: too short |	3.16%
                Number of reads unmapped: other |	175231
                     % of reads unmapped: other |	0.84%
                                  CHIMERIC READS:
                       Number of chimeric reads |	0
                            % of chimeric reads |	0.00%
